2025-06-20T15:13:50.989+0300 [INFO]  Terraform version: 1.11.4
2025-06-20T15:13:50.990+0300 [DEBUG] using github.com/hashicorp/go-tfe v1.70.0
2025-06-20T15:13:50.990+0300 [DEBUG] using github.com/hashicorp/hcl/v2 v2.23.0
2025-06-20T15:13:50.990+0300 [DEBUG] using github.com/hashicorp/terraform-svchost v0.1.1
2025-06-20T15:13:50.990+0300 [DEBUG] using github.com/zclconf/go-cty v1.16.0
2025-06-20T15:13:50.990+0300 [INFO]  Go runtime version: go1.23.3
2025-06-20T15:13:50.990+0300 [INFO]  CLI args: []string{"E:\\Programs\\terraform\\terraform.exe", "init", "-reconfigure"}
2025-06-20T15:13:50.996+0300 [DEBUG] Attempting to open CLI config file: C:\Users\Apool\AppData\Roaming\terraform.rc
2025-06-20T15:13:50.997+0300 [DEBUG] File doesn't exist, but doesn't need to. Ignoring.
2025-06-20T15:13:50.997+0300 [INFO]  Loading CLI configuration from C:\Users\Apool\AppData\Roaming\terraform.d\credentials.tfrc.json
2025-06-20T15:13:50.998+0300 [DEBUG] ignoring non-existing provider search directory terraform.d/plugins
2025-06-20T15:13:50.998+0300 [DEBUG] ignoring non-existing provider search directory C:\Users\Apool\AppData\Roaming\terraform.d\plugins
2025-06-20T15:13:50.999+0300 [DEBUG] ignoring non-existing provider search directory C:\Users\Apool\AppData\Roaming\HashiCorp\Terraform\plugins
2025-06-20T15:13:50.999+0300 [INFO]  CLI command args: []string{"init", "-reconfigure"}
[0m[1mInitializing the backend...[0m
2025-06-20T15:13:52.872+0300 [DEBUG] checking for provisioner in "."
2025-06-20T15:13:52.872+0300 [DEBUG] checking for provisioner in "E:\\Programs\\terraform"
2025-06-20T15:13:52.872+0300 [DEBUG] Service discovery for app.terraform.io at https://app.terraform.io/.well-known/terraform.json
2025-06-20T15:13:53.495+0300 [DEBUG] Retrieve version constraints for service tfe.v2.1 and product terraform
2025-06-20T15:13:54.545+0300 [DEBUG] Service discovery for app.terraform.io aliased as localterraform.com
[0m[32m
Successfully configured the backend "remote"! Terraform will automatically
use this backend unless the backend configuration changes.[0m
2025-06-20T15:13:56.376+0300 [DEBUG] checking for provisioner in "."
2025-06-20T15:13:56.376+0300 [DEBUG] checking for provisioner in "E:\\Programs\\terraform"
[0m[1mInitializing modules...[0m
2025-06-20T15:13:56.758+0300 [DEBUG] Module installer: begin nsg
2025-06-20T15:13:56.766+0300 [DEBUG] Module installer: begin vm
2025-06-20T15:13:56.770+0300 [DEBUG] Module installer: begin vnet
[0m[1mInitializing provider plugins...[0m
- Reusing previous version of hashicorp/azurerm from the dependency lock file
2025-06-20T15:13:56.789+0300 [DEBUG] Service discovery for registry.terraform.io at https://registry.terraform.io/.well-known/terraform.json
2025-06-20T15:13:57.004+0300 [DEBUG] GET https://registry.terraform.io/v1/providers/hashicorp/azurerm/versions
- Using previously-installed hashicorp/azurerm v4.33.0

[0m[1m[32mTerraform has been successfully initialized![0m[32m[0m
[0m[32m
You may now begin working with Terraform. Try running "terraform plan" to see
any changes that are required for your infrastructure. All Terraform commands
should now work.

If you ever set or change modules or backend configuration for Terraform,
rerun this command to reinitialize your working directory. If you forget, other
commands will detect it and remind you to do so if necessary.[0m
